<?xml version="1.0" encoding="UTF-8"?>
<!-- Generated by org.testng.reporters.JUnitReportReporter -->
<testsuite skipped="0" hostname="DESKTOP-USVMLAU" name="SampleMavenProject.AppiumTest" tests="2" failures="0" timestamp="2019-07-04T11:28:50 IST" time="0.011" errors="0">
  <testcase name="gmail" time="0.011" classname="SampleMavenProject.AppiumTest"/>
  <testcase name="hike" time="0.000" classname="SampleMavenProject.AppiumTest"/>
</testsuite> <!-- SampleMavenProject.AppiumTest -->
