<?xml version="1.0" encoding="UTF-8"?>
<!-- Generated by org.testng.reporters.JUnitReportReporter -->
<testsuite skipped="0" hostname="DESKTOP-USVMLAU" name="SampleMavenProject.APITest" tests="2" failures="0" timestamp="2019-07-04T11:28:34 IST" time="0.000" errors="0">
  <testcase name="instagram" time="0.000" classname="SampleMavenProject.APITest"/>
  <testcase name="wechat" time="0.000" classname="SampleMavenProject.APITest"/>
</testsuite> <!-- SampleMavenProject.APITest -->
