<?xml version="1.0" encoding="UTF-8"?>
<!-- Generated by org.testng.reporters.JUnitReportReporter -->
<testsuite skipped="0" hostname="DESKTOP-USVMLAU" name="SampleMavenProject.SeleniumTest" tests="2" failures="0" timestamp="2019-07-04T11:28:50 IST" time="0.002" errors="0">
  <testcase name="twitter" time="0.001" classname="SampleMavenProject.SeleniumTest"/>
  <testcase name="facebook" time="0.001" classname="SampleMavenProject.SeleniumTest"/>
</testsuite> <!-- SampleMavenProject.SeleniumTest -->
